C51 COMPILER V9.60.7.0   DS1302                                                            03/30/2025 15:02:31 PAGE 1   


C51 COMPILER V9.60.7.0, COMPILATION OF MODULE DS1302
OBJECT MODULE PLACED IN .\Objects\ds1302.obj
COMPILER INVOKED BY: D:\Keli5\C51\BIN\C51.EXE ..\Driver\Src\ds1302.c OPTIMIZE(8,SPEED) BROWSE INCDIR(..\User\Inc;..\Driv
                    -er\Inc;.\SYS) DEBUG OBJECTEXTEND PRINT(.\Listings\ds1302.lst) OBJECT(.\Objects\ds1302.obj)

line level    source

   1          #include "ds1302.h"
   2          
   3          //
   4          void Write_Ds1302(unsigned  char temp) 
   5          {
   6   1              unsigned char i;
   7   1              for (i=0;i<8;i++)       
   8   1              { 
   9   2                      SCK = 0;
  10   2                      SDA = temp&0x01;
  11   2                      temp>>=1; 
  12   2                      SCK=1;
  13   2              }
  14   1      }   
  15          
  16          //
  17          void Write_Ds1302_Byte( unsigned char address,unsigned char dat )     
  18          {
  19   1              RST=0;  _nop_();
  20   1              SCK=0;  _nop_();
  21   1              RST=1;  _nop_();  
  22   1              Write_Ds1302(address);  
  23   1              Write_Ds1302(dat);              
  24   1              RST=0; 
  25   1      }
  26          
  27          //
  28          unsigned char Read_Ds1302_Byte ( unsigned char address )
  29          {
  30   1              unsigned char i,temp=0x00;
  31   1              RST=0;  _nop_();
  32   1              SCK=0;  _nop_();
  33   1              RST=1;  _nop_();
  34   1              Write_Ds1302(address);
  35   1              for (i=0;i<8;i++)       
  36   1              {               
  37   2                      SCK=0;
  38   2                      temp>>=1;       
  39   2                      if(SDA)
  40   2                      temp|=0x80;     
  41   2                      SCK=1;
  42   2              } 
  43   1              RST=0;  _nop_();
  44   1              SCK=0;  _nop_();
  45   1              SCK=1;  _nop_();
  46   1              SDA=0;  _nop_();
  47   1              SDA=1;  _nop_();
  48   1              return (temp);                  
  49   1      }
  50          
  51          /**
  52           * @brief å°†åè¿›åˆ¶è½¬æ¢ä¸ºbcdç 
  53           * 
  54           * @param dec å¾…è½¬æ¢çš„åè¿›åˆ¶æ•°
C51 COMPILER V9.60.7.0   DS1302                                                            03/30/2025 15:02:31 PAGE 2   

  55           * @return uint8_t è¿”å›ä¸€ä¸ªbcdç çš„æ•°
  56           */
  57          uint8_t tobcd(uint8_t dec)
  58          {
  59   1              uint8_t bcd;
  60   1              bcd = dec / 10 * 16 + dec % 10;
  61   1              return bcd;
  62   1      }
  63          
  64          /**
  65           * @brief å°†bcdç è½¬åŒ–ä¸ºåè¿›åˆ¶
  66           * 
  67           * @param bcd å¾…è½¬æ¢çš„bcdç 
  68           * @return uint8_t è½¬æ¢åçš„åè¿›åˆ¶
  69           */
  70          uint8_t frombcd(uint8_t bcd)
  71          {
  72   1              uint8_t dec;
  73   1              dec = bcd / 16 * 10 + bcd % 16;
  74   1              return dec;
  75   1      }
  76          
  77          /**
  78           * @brief ä»èŠ¯ç‰‡ä¸­è¯»å–æ•°æ®ï¼Œå­˜å‚¨åˆ°ä¼ å…¥çš„æ•°ç»„ä¸­
  79           * 
  80           * @param urRTC å­˜å‚¨æ•°æ®çš„æ•°ç»„
  81           */
  82          void RTC_Read(uint8_t* urRTC)
  83          {
  84   1              uint8_t i;
  85   1              for(i = 0;i < 3; i++)//å¾ªç¯3ä½ åˆ†åˆ«æŠŠèŠ¯ç‰‡ä¸­çš„æ—¶åˆ†ç§’è¯»å…¥æ•°ç»„ucRTC
  86   1              {
  87   2                      urRTC[i] = frombcd(Read_Ds1302_Byte(0x85 - 2 * i));//æˆ‘ä»¬éœ€è¦çš„æ˜¯åè¿›åˆ¶ ä½†æ˜¯èŠ¯ç‰‡å­˜å‚¨çš„æ˜
             -¯bcdç  æ‰€ä»¥éœ€è¦è½¬è¯‘ä¹‹åå†å­˜å…¥æ•°ç»„
  88   2              }
  89   1      }
  90          
  91          /**
  92           * @brief å°†ä¼ å…¥æ•°ç»„ä¸­çš„æ•°æ®å†™å…¥èŠ¯ç‰‡ä¸­
  93           * 
  94           * @param urRTC å†™å…¥æ•°æ®çš„æ•°ç»„
  95           */
  96          void RTC_Set(uint8_t* urRTC)
  97          {
  98   1              uint8_t i;
  99   1              Write_Ds1302_Byte(WRITE_PROTECT, 0x00);//å…³é—­å†™å…¥ä¿æŠ¤
 100   1              for(i = 0; i < 3; i++)//å¾ªç¯3ä½ åˆ†åˆ«æŠŠucRTCæ•°ç»„ä¸­çš„æ—¶åˆ†ç§’å†™å…¥èŠ¯ç‰‡
 101   1              {
 102   2                      Write_Ds1302_Byte(0x84 - 2 * i, tobcd(urRTC[i]));//æ•°ç»„ä¸­çš„ä¸ºåè¿›åˆ¶ ä½†æ˜¯èŠ¯ç‰‡ä¸­éœ€è¦çš„æ˜¯b
             -cd æ‰€ä»¥å­˜å…¥èŠ¯ç‰‡ä¹‹å‰è¦å…ˆè½¬å˜æˆbcd
 103   2              }
 104   1              Write_Ds1302_Byte(WRITE_PROTECT, 0x80);//æ‰“å¼€å†™å…¥ä¿æŠ¤
 105   1      }


MODULE INFORMATION:   STATIC OVERLAYABLE
   CODE SIZE        =    226    ----
   CONSTANT SIZE    =   ----    ----
   XDATA SIZE       =   ----    ----
   PDATA SIZE       =   ----    ----
   DATA SIZE        =   ----       6
   IDATA SIZE       =   ----    ----
C51 COMPILER V9.60.7.0   DS1302                                                            03/30/2025 15:02:31 PAGE 3   

   BIT SIZE         =   ----    ----
END OF MODULE INFORMATION.


C51 COMPILATION COMPLETE.  0 WARNING(S),  0 ERROR(S)
