C51 COMPILER V9.60.7.0   KEY                                                               03/30/2025 15:02:30 PAGE 1   


C51 COMPILER V9.60.7.0, COMPILATION OF MODULE KEY
OBJECT MODULE PLACED IN .\Objects\Key.obj
COMPILER INVOKED BY: D:\Keli5\C51\BIN\C51.EXE ..\Driver\Src\Key.c OPTIMIZE(8,SPEED) BROWSE INCDIR(..\User\Inc;..\Driver\
                    -Inc;.\SYS) DEBUG OBJECTEXTEND PRINT(.\Listings\Key.lst) OBJECT(.\Objects\Key.obj)

line level    source

   1          #include "Key.h"
   2          
   3          //矩阵键盘
   4          #if(MATRIX_Key)
   5          
   6          /**
   7           * @brief 矩阵按键扫描
   8           * 
   9           * @return uint8_t 返回键值
  10           */
  11          uint8_t Key_Read(void)
  12          {
  13   1          #if(NE555)//使用了NE555且还是矩阵键盘 需要屏蔽P34
  14   1          uint8_t temp = 0;//一定要初始化为0
  15   1      
  16   1          P44 = 0;P42 = 1;P35 = 1;//先进行列扫描 再进行行扫描
  17   1          if(!P33)temp = 4;
  18   1          if(!P32)temp = 5;
  19   1          if(!P31)temp = 6;
  20   1          if(!P30)temp = 7;
  21   1      
  22   1          P44 = 1;P42 = 0;P35 = 1;
  23   1          if(!P33)temp = 8;
  24   1          if(!P32)temp = 9;
  25   1          if(!P31)temp = 10;
  26   1          if(!P30)temp = 11;
  27   1      
  28   1          P44 = 1;P42 = 1;P35 = 0;
  29   1          if(!P33)temp = 12;
  30   1          if(!P32)temp = 13;
  31   1          if(!P31)temp = 14;
  32   1          if(!P30)temp = 15;
  33   1      
  34   1          return temp;
  35   1      
  36   1          #endif
  37   1      
  38   1      
  39   1          #if(!NE555)
                  uint8_t temp = 0;//一定要初始化为0
              
                  P44 = 0;P42 = 1;P35 = 1;P34 = 1;//先进行列扫描 再进行行扫描
                  if(!P33)temp = 4;
                  if(!P32)temp = 5;
                  if(!P31)temp = 6;
                  if(!P30)temp = 7;
              
                  P44 = 1;P42 = 0;P35 = 1;P34 = 1;
                  if(!P33)temp = 8;
                  if(!P32)temp = 9;
                  if(!P31)temp = 10;
                  if(!P30)temp = 11;
              
                  P44 = 1;P42 = 1;P35 = 0;P34 = 1;
C51 COMPILER V9.60.7.0   KEY                                                               03/30/2025 15:02:30 PAGE 2   

                  if(!P33)temp = 12;
                  if(!P32)temp = 13;
                  if(!P31)temp = 14;
                  if(!P30)temp = 15;
              
                  P44 = 1;P42 = 1;P35 = 1;P34 = 0;
                  if(!P33)temp = 16;
                  if(!P32)temp = 17;
                  if(!P31)temp = 18;
                  if(!P30)temp = 19;
              
                  return temp;
                  #endif
  68   1      }
  69          
  70          #endif 
  71          
  72          //独立按键
  73          #if(!MATRIX_Key)
              
              /**
               * @brief 独立按键扫描
               * 
               * @return uint8_t 返回键值
               */
              uint8_t Key_Read(void)
              {
                  uint8_t temp = 0;//一定要初始化为0
              
                  if(!P33)temp = 4;
                  if(!P32)temp = 5;
                  if(!P31)temp = 6;
                  if(!P30)temp = 7;
              
                  return temp;
              }
              
              #endif 


MODULE INFORMATION:   STATIC OVERLAYABLE
   CODE SIZE        =     81    ----
   CONSTANT SIZE    =   ----    ----
   XDATA SIZE       =   ----    ----
   PDATA SIZE       =   ----    ----
   DATA SIZE        =   ----    ----
   IDATA SIZE       =   ----    ----
   BIT SIZE         =   ----    ----
END OF MODULE INFORMATION.


C51 COMPILATION COMPLETE.  0 WARNING(S),  0 ERROR(S)
