C51 COMPILER V9.60.7.0   MAIN                                                              04/06/2025 01:40:30 PAGE 1   


C51 COMPILER V9.60.7.0, COMPILATION OF MODULE MAIN
OBJECT MODULE PLACED IN .\Objects\main.obj
COMPILER INVOKED BY: D:\Keli5\C51\BIN\C51.EXE ..\User\Src\main.c OPTIMIZE(8,SPEED) BROWSE INCDIR(..\User\Inc;..\Driver\I
                    -nc;.\SYS) DEBUG OBJECTEXTEND PRINT(.\Listings\main.lst) OBJECT(.\Objects\main.obj)

line level    source

   1          /**
   2           * @file main.c
   3           * @author ä¹åƒä¹ç™¾ä¹åä¹
   4           * @brief  åŸºäºåŸæ¥çš„æ¨¡æ¿ï¼Œæä¾›äº†ç”¨é“¾è¡¨æ˜¾ç¤ºæ•°ç ç®¡çš„å¤šçº§èœå•
   5           * @version 0.2
   6           * @date 2025-03-31
   7           * 
   8           * @copyright Copyright (c) 2025
   9           * 
  10           */
  11          /*HEADER*/
  12          #include "Sys.h"
  13          
  14          /*Global Variable*/
  15          uint32_t pdata Mysystick = 0; //ç³»ç»Ÿå¿ƒè·³
  16          uint8_t pdata Seg_Buf[8]; //æ•°ç ç®¡æ˜¾ç¤ºç¼“å­˜
  17          uint8_t pdata Seg_Point[8]; //æ•°ç ç®¡å°æ•°ç‚¹æ˜¾ç¤ºç¼“å­˜
  18          uint8_t pdata Led_Buf[8]; //LEDç¯æ˜¾ç¤ºç¼“å­˜
  19          
  20          /*MAIN*/
  21          void main(void)
  22          {
  23   1          Periph_Init(); //åˆå§‹åŒ–LEDå’Œå¤–è®¾ å°½é‡å°†è¯¥æ¨¡å—æ”¾åˆ°ç¬¬ä¸€ä¸ª
  24   1          /*Initialize*/
  25   1          Timer0_Init(); //åˆå§‹åŒ–TIM0
  26   1          // Uart1_Init();//åˆå§‹åŒ–ä¸²å£1
  27   1          Timer2_Init(); //åˆå§‹åŒ–å¿ƒè·³æ—¶é’Ÿæº
  28   1          while (Read_temperature() > 80); //æ¶ˆé™¤ds18b20é¦–æ¬¡è½¬æ¢ä¸º85çš„æ•°æ®
  29   1          memset(Seg_Point, 0, 8); //åˆå§‹åŒ–æ•°ç ç®¡å°æ•°ç‚¹ç¼“å†²
  30   1          memset(Seg_Buf, 10, 8); //åˆå§‹åŒ–æ•°ç ç®¡ç¼“å†²åŒº
  31   1          memset(Led_Buf, 0, 8); //åˆå§‹åŒ–LEDç¼“å†²åŒº
  32   1          RTC_Set(ucRTC); //å°†éœ€è¦çš„æ—¶é—´éƒ½å†™å…¥RTCä¸­
  33   1          Menu_Init(); //UIåˆå§‹åŒ–
  34   1      
  35   1          /*Task Additon*/
  36   1          /*ä»¥ä¸‹ä¸ºå„ä¸ªæ¨¡å—çš„å®ä¾‹å†ç¨‹  å–æ¶ˆæ³¨é‡Šå³å¯è§‚å¯Ÿå¯¹åº”æ¨¡å—çš„ç°è±¡*/
  37   1          Task_Add(&Task_Key, 10);
  38   1          Task_Add(&Task_NE555, 1000);
  39   1          // Task_Add(&Task_Periph, 500);
  40   1          Task_Add(&Task_RTC, 500);
  41   1          Task_Add(&Task_Ds18b20, 750);
  42   1          Task_Add(&Task_Ul, 200);
  43   1          // Task_Add(&Task_Serial, 250);
  44   1          Task_Add(&Task_PCF8591, 200);
  45   1          Task_Add(&Task_Seg, 50);
  46   1      
  47   1          EA = 1; //å¯åŠ¨å®šæ—¶å™¨
  48   1          /*Loop*/
  49   1          while (1)
  50   1          {
  51   2              Task_Start();
  52   2          }
  53   1      }
  54          
C51 COMPILER V9.60.7.0   MAIN                                                              04/06/2025 01:40:30 PAGE 2   

  55          /*ISR*/
  56          /*è¿™é‡Œä½¿ç”¨TIM2å®šæ—¶å™¨ä½œä¸ºç³»ç»Ÿå¿ƒè·³æº*/
  57          void Timer2_Isr(void) interrupt 12
  58          {
  59   1          Mysystick++;
  60   1          Serial_Idle_Cnt++;
  61   1          Task_Disp();
  62   1      }
  63          
  64          /*ä¸²å£ä¸­æ–­*/
  65          void Uart1_Isr(void) interrupt 4
  66          {
  67   1          if (RI) //æ£€æµ‹ä¸²å£1æ¥æ”¶ä¸­æ–­
  68   1          {
  69   2              RI = 0; //æ¸…é™¤ä¸²å£1æ¥æ”¶ä¸­æ–­è¯·æ±‚ä½
  70   2      
  71   2              Serial_Idle_Cnt = 0; //æ²¡æœ‰æ¥æ”¶åˆ°æ•°æ®å°±ä¼šä¸€ç›´è‡ªå¢ï¼Œæ¥æ”¶åˆ°æ•°æ®åä¼šä¿æŒ0ï¼Œé€
             -šè¿‡è¿™ç‚¹å¯ä»¥è¾¾åˆ°ç©ºé—²è§£æçš„æ•ˆæœ
  72   2      
  73   2              RxData[index++] = SBUF;
  74   2          }
  75   1      }


MODULE INFORMATION:   STATIC OVERLAYABLE
   CODE SIZE        =    317    ----
   CONSTANT SIZE    =   ----    ----
   XDATA SIZE       =   ----    ----
   PDATA SIZE       =     28    ----
   DATA SIZE        =   ----    ----
   IDATA SIZE       =   ----    ----
   BIT SIZE         =   ----    ----
END OF MODULE INFORMATION.


C51 COMPILATION COMPLETE.  0 WARNING(S),  0 ERROR(S)
