C51 COMPILER V9.60.7.0   MYFILTER                                                          04/06/2025 01:40:29 PAGE 1   


C51 COMPILER V9.60.7.0, COMPILATION OF MODULE MYFILTER
OBJECT MODULE PLACED IN .\Objects\MyFilter.obj
COMPILER INVOKED BY: D:\Keli5\C51\BIN\C51.EXE ..\Driver\Src\MyFilter.c OPTIMIZE(8,SPEED) BROWSE INCDIR(..\User\Inc;..\Dr
                    -iver\Inc;.\SYS) DEBUG OBJECTEXTEND PRINT(.\Listings\MyFilter.lst) OBJECT(.\Objects\MyFilter.obj)

line level    source

   1          #include "MyFilter.h"
   2          
   3          /**
   4           * @brief 滤波器 使连续变化的数据更加平滑
   5           * 
   6           * @param dat 输入连续变化的待测数据
   7           * @param index 滤波系数 0-1 越大滤波力度越大
   8           * @return uint16_t 返回滤波后的值
   9           * 
  10           * @note 如果需要对float类型的数据进行滤波 请重写本函数 如下所示
  11           */
  12          uint16_t Filter_int(uint16_t dat, float index)
  13          {
  14   1          static uint16_t LastData_int = 0;
  15   1          uint16_t temp;
  16   1          if (!LastData_int) LastData_int = dat;
  17   1          temp = LastData_int * index + dat * (1 - index);
  18   1          LastData_int = temp;
  19   1          return temp;
  20   1      }
  21          
  22          /**
  23           * @brief 对浮点类型、连续变化的数据滤波
  24           * 
  25           * @param dat 输入连续变化的待测数据
  26           * @param index 滤波系数 0-1 越大滤波力度越大
  27           * @return float 返回滤波后的值
  28           */
  29          float Filter_float(float dat, float index)
  30          {
  31   1          static float LastData_float = 0;
  32   1          float temp;
  33   1          if (!LastData_float) LastData_float = dat;
  34   1          temp = LastData_float * index + dat * (1 - index);
  35   1          LastData_float = temp;
  36   1          return temp;
  37   1      }


MODULE INFORMATION:   STATIC OVERLAYABLE
   CODE SIZE        =    225    ----
   CONSTANT SIZE    =   ----    ----
   XDATA SIZE       =   ----    ----
   PDATA SIZE       =   ----    ----
   DATA SIZE        =      6      18
   IDATA SIZE       =   ----    ----
   BIT SIZE         =   ----    ----
END OF MODULE INFORMATION.


C51 COMPILATION COMPLETE.  0 WARNING(S),  0 ERROR(S)
