C51 COMPILER V9.60.7.0   PERIPH                                                            03/30/2025 15:02:30 PAGE 1   


C51 COMPILER V9.60.7.0, COMPILATION OF MODULE PERIPH
OBJECT MODULE PLACED IN .\Objects\Periph.obj
COMPILER INVOKED BY: D:\Keli5\C51\BIN\C51.EXE ..\Driver\Src\Periph.c OPTIMIZE(8,SPEED) BROWSE INCDIR(..\User\Inc;..\Driv
                    -er\Inc;.\SYS) DEBUG OBJECTEXTEND PRINT(.\Listings\Periph.lst) OBJECT(.\Objects\Periph.obj)

line level    source

   1          #include "Periph.h"
   2          
   3          /**
   4           * @brief 关闭LED、蜂鸣器、继电器
   5           * 
   6           */
   7          void Periph_Init(void)
   8          {
   9   1          //关闭所有LED
  10   1          P0 = 0xff;
  11   1          P2 = P2 & 0x1f | 0x80;//先将P2的高三位清空 再将最高位置一 选择LED通道
  12   1          P2 &= 0x1f;//P0数据取消锁存之后 重新清空P2高三位
  13   1          /*Tips：对于之后的P2的位操作不再进行赘述*/
  14   1      
  15   1          //关闭所有外设 eg.蜂鸣器、继电器
  16   1          P0 = 0x00;
  17   1          P2 = P2 & 0x1f | 0xa0;
  18   1          P2 &= 0x1f;
  19   1      }
  20          
  21          /**
  22           * @brief 打开/关闭指定外设
  23           * 
  24           * @param x 外设名称 RELAY MOTOR BUZZ           
  25           * @param enable 打开或关闭
  26           */
  27          void Periph_Set(periph_t x,bit enable)//原理和LED差不多 只是这里用了枚举定义了不同的
             -设
  28          {
  29   1          static uint8_t temp = 0x00;
  30   1          static uint8_t Peirph_Old = 0xff;
  31   1      
  32   1          if(enable)
  33   1          {
  34   2              temp |= x;
  35   2          }
  36   1          else
  37   1          {
  38   2              temp &= ~x;
  39   2          }
  40   1      
  41   1          if(temp != Peirph_Old)
  42   1          {
  43   2              P0 = temp;
  44   2              P2 = P2 & 0x1f | 0xa0;
  45   2              P2 &= 0x1f;
  46   2              Peirph_Old = temp;
  47   2          }
  48   1      }


MODULE INFORMATION:   STATIC OVERLAYABLE
   CODE SIZE        =     64    ----
   CONSTANT SIZE    =   ----    ----
C51 COMPILER V9.60.7.0   PERIPH                                                            03/30/2025 15:02:30 PAGE 2   

   XDATA SIZE       =   ----    ----
   PDATA SIZE       =   ----    ----
   DATA SIZE        =      2    ----
   IDATA SIZE       =   ----    ----
   BIT SIZE         =   ----       1
END OF MODULE INFORMATION.


C51 COMPILATION COMPLETE.  0 WARNING(S),  0 ERROR(S)
