C51 COMPILER V9.60.7.0   SERIAL                                                            04/06/2025 00:48:25 PAGE 1   


C51 COMPILER V9.60.7.0, COMPILATION OF MODULE SERIAL
OBJECT MODULE PLACED IN .\Objects\Serial.obj
COMPILER INVOKED BY: D:\Keli5\C51\BIN\C51.EXE ..\Driver\Src\Serial.c OPTIMIZE(8,SPEED) BROWSE INCDIR(..\User\Inc;..\Driv
                    -er\Inc;.\SYS) DEBUG OBJECTEXTEND PRINT(.\Listings\Serial.lst) OBJECT(.\Objects\Serial.obj)

line level    source

   1          #include "Serial.h"
   2          
   3          /**
   4           * @brief 初始化串口 设置波特率为9600
   5           * @note 这是基于TIM1来做的串口
   6           */
   7          void Uart1_Init(void)   //9600bps@12.000MHz
   8          {
   9   1              SCON = 0x50;            //8位数据,可变波特率
  10   1              AUXR &= 0xBF;           //定时器时钟12T模式
  11   1              AUXR &= 0xFE;           //串口1选择定时器1为波特率发生器
  12   1              TMOD &= 0x0F;           //设置定时器模式
  13   1              TL1 = 0xE6;                     //设置定时初始值
  14   1              TH1 = 0xFF;                     //设置定时初始值
  15   1              ET1 = 0;                        //禁止定时器中断
  16   1              TR1 = 1;                        //定时器1开始计时
  17   1              ES = 1;                         //使能串口1中断
  18   1          EA = 1;//这句话是定时器使能，要自己加上！！！！！！！！！！
  19   1      }
  20          
  21          /**
  22           * @brief 通过串口发送一字节
  23           * 
  24           * @param Byte 要发送的数据
  25           */
  26          void Serial_SendByte(uint8_t Byte)
  27          {
  28   1          SBUF = Byte;//将数据放到SBUF寄存器中 串口会自己发送数据
  29   1          while(!TI);//等待TI置位置数 TI发送完成之后会自动置1
  30   1          TI = 0;//清除TI标志位
  31   1      }
  32          
  33          /**
  34           * @brief 通过串口发送一个字符串
  35           * 
  36           * @param str 
  37           */
  38          void Serial_SendString(uint8_t *str)
  39          {
  40   1          while(*str != '\0')//字符串总是以'\0'结尾
  41   1          {
  42   2              Serial_SendByte(*str ++);
  43   2          }
  44   1      }
  45          
  46          /**
  47           * @brief printf重定向
  48           * 
  49           * @param ch 
  50           * @return int 
  51           */
  52          char putchar(char c)
  53          {
  54   1          Serial_SendByte(c);
C51 COMPILER V9.60.7.0   SERIAL                                                            04/06/2025 00:48:25 PAGE 2   

  55   1          return c;
  56   1      }
  57          
  58          /*串口中断
  59          void Uart1_Isr(void) interrupt 4
  60          {
  61                  if (RI)                         //检测串口1接收中断
  62                  {
  63                          RI = 0;                 //清除串口1接收中断请求位
  64                  }
  65          }
  66          */


MODULE INFORMATION:   STATIC OVERLAYABLE
   CODE SIZE        =     77    ----
   CONSTANT SIZE    =   ----    ----
   XDATA SIZE       =   ----    ----
   PDATA SIZE       =   ----    ----
   DATA SIZE        =   ----       3
   IDATA SIZE       =   ----    ----
   BIT SIZE         =   ----    ----
END OF MODULE INFORMATION.


C51 COMPILATION COMPLETE.  0 WARNING(S),  0 ERROR(S)
