C51 COMPILER V9.60.7.0   TASK                                                              03/30/2025 15:02:31 PAGE 1   


C51 COMPILER V9.60.7.0, COMPILATION OF MODULE TASK
OBJECT MODULE PLACED IN .\Objects\Task.obj
COMPILER INVOKED BY: D:\Keli5\C51\BIN\C51.EXE ..\User\Src\Task.c OPTIMIZE(8,SPEED) BROWSE INCDIR(..\User\Inc;..\Driver\I
                    -nc;.\SYS) DEBUG OBJECTEXTEND PRINT(.\Listings\Task.lst) OBJECT(.\Objects\Task.obj)

line level    source

   1          /**
   2           * @file Task.c
   3           * @author ä¹åƒä¹ç™¾ä¹åä¹
   4           * @brief åŸºäºæ—¶é—´ç‰‡è½®è¯¢çš„ä¸€ç§è£¸æœºä»»åŠ¡è°ƒåº¦æ–¹æ¡ˆ
   5           * @version 0.1
   6           * @date 2025-03-26
   7           * 
   8           * @copyright Copyright (c) 2025
   9           * 
  10           */
  11          #include "Task.h"
  12          
  13          uint8_t Task_Num = 0; //ä»»åŠ¡æ•°é‡
  14          task_t xdata Task_Schedule[MAXTASKS]; //ä»»åŠ¡åˆ—è¡¨ ç”±äºè¿‡å¤§ å­˜å‚¨åˆ°xdataåŒº
  15          
  16          /**
  17           * @brief åˆ›å»ºä¸€ä»»åŠ¡
  18           * 
  19           * @param pfunc è¯¥ä»»åŠ¡çš„å‡½æ•°æŒ‡é’ˆ
  20           * @param differ_time ä»»åŠ¡æ‰§è¡Œé—´éš” ms
  21           */
  22          void Task_Add(task_func pfunc, uint16_t differ_time)
  23          {
  24   1          if (Task_Num <= MAXTASKS)
  25   1          {
  26   2              Task_Schedule[Task_Num].LastWakeUp = Mysystick;
  27   2              Task_Schedule[Task_Num].Interval = differ_time;
  28   2              Task_Schedule[Task_Num].Function = pfunc;
  29   2              Task_Num++; //ä»»åŠ¡æ•°é‡è‡ªå¢
  30   2          }
  31   1      }
  32          
  33          /**
  34           * @brief ä»»åŠ¡å¼€å§‹è¿è¡Œ
  35           * 
  36           */
  37          void Task_Start(void)
  38          {
  39   1          uint8_t i;
  40   1          for (i = 0; i < Task_Num; i++)
  41   1          {
  42   2              if (Mysystick - Task_Schedule[i].LastWakeUp >=
  43   2                  Task_Schedule[i].Interval) //ç³»ç»Ÿæ—¶é—´å‡å»ä¸Šæ¬¡è°ƒç”¨çš„æ—¶é—´å¤§äºé—´éš”æ—¶é—´ è¯´æ˜è
             -¯¥ä»»åŠ¡è¯¥è¢«è°ƒç”¨äº†
  44   2              {
  45   3                  Task_Schedule[i].LastWakeUp = Mysystick; //æ›´æ–°ä¸Šæ¬¡è°ƒç”¨ä»»åŠ¡çš„æ—¶é—´
  46   3                  Task_Schedule[i].Function();
  47   3              }
  48   2              else if (Task_Schedule[i].LastWakeUp >= Mysystick)
  49   2                  Task_Schedule[i].LastWakeUp = Mysystick; //æ›´æ–°ä¸Šæ¬¡è°ƒç”¨ä»»åŠ¡çš„æ—¶é—´
  50   2          }
  51   1      }


C51 COMPILER V9.60.7.0   TASK                                                              03/30/2025 15:02:31 PAGE 2   

MODULE INFORMATION:   STATIC OVERLAYABLE
   CODE SIZE        =    332    ----
   CONSTANT SIZE    =   ----    ----
   XDATA SIZE       =     90    ----
   PDATA SIZE       =   ----    ----
   DATA SIZE        =      1       6
   IDATA SIZE       =   ----    ----
   BIT SIZE         =   ----    ----
END OF MODULE INFORMATION.


C51 COMPILATION COMPLETE.  0 WARNING(S),  0 ERROR(S)
