C51 COMPILER V9.60.7.0   UI                                                                03/30/2025 14:53:13 PAGE 1   


C51 COMPILER V9.60.7.0, COMPILATION OF MODULE UI
OBJECT MODULE PLACED IN .\Objects\UI.obj
COMPILER INVOKED BY: D:\Keli5\C51\BIN\C51.EXE ..\User\Src\UI.c OPTIMIZE(8,SPEED) BROWSE INCDIR(..\User\Inc;..\Driver\Inc
                    -;.\SYS) DEBUG OBJECTEXTEND PRINT(.\Listings\UI.lst) OBJECT(.\Objects\UI.obj)

line level    source

   1          #include "UI.h"
   2          #include "Seg.h"
   3          #include "MyFilter.h"
   4          
   5          // å¼•ç”¨å¤–éƒ¨å®šä¹‰çš„å…¨å±€å˜é‡
   6          extern float temperature; // æ¸©åº¦å€¼ï¼Œç”±æ¸©åº¦ä¼ æ„Ÿå™¨ä»»åŠ¡æ›´æ–°
   7          extern uint8_t Adval1; // ADè½¬æ¢å€¼1ï¼Œé€šå¸¸ä¸ºç”µä½å™¨å€¼
   8          extern uint8_t Adval2; // ADè½¬æ¢å€¼2ï¼Œé€šå¸¸ä¸ºå…‰æ•ç”µé˜»å€¼
   9          extern uint8_t pdata ucRTC[3]; // æ—¶é—´å­˜å‚¨æ•°ç»„ï¼Œåˆ†åˆ«ä¸ºæ—¶ã€åˆ†ã€ç§’
  10          extern uint8_t pdata Seg_Buf[8]; // æ•°ç ç®¡æ˜¾ç¤ºç¼“å­˜ï¼Œå­˜å‚¨è¦æ˜¾ç¤ºçš„å­—ç¬¦
  11          extern uint8_t pdata Seg_Point[8]; // æ•°ç ç®¡å°æ•°ç‚¹ç¼“å­˜ï¼Œæ§åˆ¶å°æ•°ç‚¹æ˜¾ç¤ºä¸å¦
  12          extern uint8_t Distance; //è·ç¦»
  13          extern uint16_t Freq; //NE555é¢‘ç‡
  14          
  15          // å½“å‰èœå•æŒ‡é’ˆï¼ŒæŒ‡å‘å½“å‰æ¿€æ´»çš„èœå•é¡¹
  16          menu_node_t *current_menu = NULL;
  17          
  18          // é¢„å®šä¹‰æ‰€æœ‰èœå•èŠ‚ç‚¹ï¼Œä½¿ç”¨é™æ€åˆ†é…ä»¥èŠ‚çœå†…å­˜
  19          static menu_node_t xdata menu_main; // ä¸»èœå•èŠ‚ç‚¹
  20          static menu_node_t xdata menu_temp; // æ¸©åº¦èœå•èŠ‚ç‚¹
  21          static menu_node_t xdata menu_adc; // ADCèœå•èŠ‚ç‚¹
  22          static menu_node_t xdata menu_clock; // æ—¶é’Ÿèœå•èŠ‚ç‚¹
  23          static menu_node_t xdata menu_ultrasonic; // è¶…å£°æ³¢èœå•èŠ‚ç‚¹
  24          static menu_node_t xdata menu_ne555;
  25          
  26          /**
  27           * @brief ä¸»èœå•æ˜¾ç¤ºæ›´æ–°å‡½æ•°
  28           * 
  29           * @details æ›´æ–°æ•°ç ç®¡ç¼“å†²åŒºï¼Œæ˜¾ç¤ºä¸»èœå•ç•Œé¢ï¼Œç”¨"-"ç¬¦å·å’Œ"0"æ ‡è¯†ä¸»èœå•
  30           */
  31          void main_menu_update(void)
  32          {
  33   1          // æ¸…é™¤æ‰€æœ‰æ˜¾ç¤º
  34   1          memset(Seg_Buf, 10, 8); // 10è¡¨ç¤ºä¸æ˜¾ç¤ºä»»ä½•å†…å®¹(ç©ºç™½)
  35   1          memset(Seg_Point, 0, 8); // æ¸…é™¤æ‰€æœ‰å°æ•°ç‚¹
  36   1      
  37   1          // æ˜¾ç¤º"-----0"ä½œä¸ºä¸»èœå•æ ‡è¯†
  38   1          Seg_Buf[2] = 11; // "-"ç¬¦å·
  39   1          Seg_Buf[3] = 11; // "-"ç¬¦å·
  40   1          Seg_Buf[4] = 11; // "-"ç¬¦å·
  41   1          Seg_Buf[5] = 11; // "-"ç¬¦å·
  42   1          Seg_Buf[6] = 11; // "-"ç¬¦å·
  43   1          Seg_Buf[7] = 0; // "0"ç¬¦å· - è¡¨ç¤ºå½“å‰åœ¨ä¸»èœå•
  44   1      }
  45          
  46          /**
  47           * @brief æ¸©åº¦èœå•æ˜¾ç¤ºæ›´æ–°å‡½æ•°
  48           * 
  49           * @details æ˜¾ç¤ºå½“å‰æ¸©åº¦å€¼ï¼ŒåŒ…æ‹¬æ•´æ•°éƒ¨åˆ†å’Œå°æ•°éƒ¨åˆ†ï¼Œå¹¶æ·»åŠ èœå•æ ‡è¯†
  50           */
  51          void temp_menu_update(void)
  52          {
  53   1          float temp_filtered = temperature; // è·å–å½“å‰æ¸©åº¦å€¼ï¼Œä¹Ÿå¯ä»¥åœ¨è¿™é‡Œæ·»åŠ æ»¤æ³¢å¤„ç†
  54   1      
C51 COMPILER V9.60.7.0   UI                                                                03/30/2025 14:53:13 PAGE 2   

  55   1          memset(Seg_Buf, 10, 8); // æ¸…ç©ºæ˜¾ç¤ºç¼“å†²åŒº
  56   1          memset(Seg_Point, 0, 8); // æ¸…é™¤æ‰€æœ‰å°æ•°ç‚¹
  57   1      
  58   1          // æ˜¾ç¤ºæ¸©åº¦èœå•æ ‡è¯†
  59   1          Seg_Buf[0] = 1; // æ¸©åº¦èœå•æ ‡è¯†ä¸º"0"
  60   1          Seg_Buf[1] = 10; // ç©ºç™½åˆ†éš”ç¬¦
  61   1      
  62   1          // æ˜¾ç¤ºæ¸©åº¦å€¼(ä¾‹å¦‚: 25.6Â°C)
  63   1          Seg_Buf[2] = (uint16_t)(temp_filtered * 10) / 100 % 10; // æ¸©åº¦åä½æ•°
  64   1          Seg_Buf[3] = (uint16_t)(temp_filtered * 10) / 10 % 10; // æ¸©åº¦ä¸ªä½æ•°
  65   1          Seg_Buf[4] = (uint16_t)(temp_filtered * 10) / 1 % 10; // æ¸©åº¦å°æ•°ç‚¹åä¸€ä½
  66   1          Seg_Point[3] = 1; // åœ¨ä¸ªä½æ•°åæ˜¾ç¤ºå°æ•°ç‚¹
  67   1          // è¿™é‡Œå¯ä»¥æ·»åŠ æ¸©åº¦å•ä½"C"çš„æ˜¾ç¤ºï¼Œéœ€è¦è‡ªå®šä¹‰å­—ç¬¦è¡¨æ”¯æŒ
  68   1      }
  69          
  70          /**
  71           * @brief ADCèœå•æ˜¾ç¤ºæ›´æ–°å‡½æ•°
  72           * 
  73           * @details æ˜¾ç¤ºä¸¤è·¯ADè½¬æ¢çš„å€¼ï¼Œåˆ†åˆ«æ˜¯Adval1å’ŒAdval2
  74           */
  75          void adc_menu_update(void)
  76          {
  77   1          uint16_t Adval1_Show; //æ»¤æ³¢åçš„å±•ç¤ºå€¼
  78   1          uint16_t Adval2_Show; //æ»¤æ³¢åçš„å±•ç¤ºå€¼
  79   1      
  80   1          memset(Seg_Buf, 10, 8); // æ¸…ç©ºæ˜¾ç¤ºç¼“å†²åŒº
  81   1          memset(Seg_Point, 0, 8); // æ¸…é™¤æ‰€æœ‰å°æ•°ç‚¹
  82   1      
  83   1          Adval1_Show = Filter_int(Adval1, 0.2f);
  84   1          Adval2_Show = Filter_int(Adval2, 0.2f);
  85   1      
  86   1          // æ˜¾ç¤ºèœå•æ ‡è¯†
  87   1          Seg_Buf[0] = 2; // ADCèœå•æ ‡è¯†ä¸º"2"
  88   1          Seg_Buf[1] = 10; // ç©ºç™½åˆ†éš”ç¬¦
  89   1      
  90   1          // æ˜¾ç¤ºADCå€¼1(é€šå¸¸ä¸ºç”µä½å™¨)
  91   1          Seg_Buf[2] = Adval1_Show / 100 % 10; // ç™¾ä½
  92   1          Seg_Buf[3] = Adval1_Show / 10 % 10; // åä½
  93   1          Seg_Buf[4] = Adval1_Show % 10; // ä¸ªä½
  94   1      
  95   1          Seg_Point[4] = 1; // å°æ•°ç‚¹ï¼Œåˆ†éš”ä¸¤ä¸ªé€šé“å€¼
  96   1      
  97   1          // æ˜¾ç¤ºADCå€¼2(é€šå¸¸ä¸ºå…‰æ•ç”µé˜»)
  98   1          Seg_Buf[5] = Adval2_Show / 100 % 10; // åä½
  99   1          Seg_Buf[6] = Adval2_Show / 10 % 10; // åä½
 100   1          Seg_Buf[7] = Adval2_Show / 1 % 10; // ä¸ªä½
 101   1      }
 102          
 103          /**
 104           * @brief æ—¶é’Ÿèœå•æ˜¾ç¤ºæ›´æ–°å‡½æ•°
 105           * 
 106           * @details æ˜¾ç¤ºå½“å‰æ—¶é—´(å°æ—¶:åˆ†é’Ÿ:ç§’)ï¼Œä½¿ç”¨å°æ•°ç‚¹æ¨¡æ‹Ÿå†’å·
 107           */
 108          void clock_menu_update(void)
 109          {
 110   1          memset(Seg_Buf, 10, 8); // æ¸…ç©ºæ˜¾ç¤ºç¼“å†²åŒº
 111   1          memset(Seg_Point, 0, 8); // æ¸…é™¤æ‰€æœ‰å°æ•°ç‚¹
 112   1      
 113   1          // æ˜¾ç¤ºèœå•æ ‡è¯†
 114   1          Seg_Buf[0] = 3; // æ—¶é’Ÿèœå•æ ‡è¯†ä¸º"3"
 115   1          Seg_Buf[1] = 10; // ç©ºç™½åˆ†éš”ç¬¦
 116   1      
C51 COMPILER V9.60.7.0   UI                                                                03/30/2025 14:53:13 PAGE 3   

 117   1          // æ˜¾ç¤ºæ—¶é—´ HH:MM:SS
 118   1          Seg_Buf[2] = ucRTC[0] / 10; // å°æ—¶åä½
 119   1          Seg_Buf[3] = ucRTC[0] % 10; // å°æ—¶ä¸ªä½
 120   1          Seg_Point[3] = 11; // æ˜¾ç¤ºå°æ—¶å†’å·(ä½¿ç”¨å°æ•°ç‚¹æ¨¡æ‹Ÿ)
 121   1      
 122   1          Seg_Buf[4] = ucRTC[1] / 10; // åˆ†é’Ÿåä½
 123   1          Seg_Buf[5] = ucRTC[1] % 10; // åˆ†é’Ÿä¸ªä½
 124   1          Seg_Point[5] = 11; // æ˜¾ç¤ºåˆ†é’Ÿå†’å·(ä½¿ç”¨å°æ•°ç‚¹æ¨¡æ‹Ÿ)
 125   1      
 126   1          Seg_Buf[6] = ucRTC[2] / 10; // ç§’åä½
 127   1          Seg_Buf[7] = ucRTC[2] % 10; // ç§’ä¸ªä½
 128   1      }
 129          
 130          /**
 131           * @brief è¶…å£°æ³¢èœå•æ˜¾ç¤ºæ›´æ–°å‡½æ•°
 132           * 
 133           * @details æ˜¾ç¤ºè¶…å£°æ³¢æµ‹è·çš„ç›¸å…³ä¿¡æ¯
 134           */
 135          void ultrasonic_menu_update(void)
 136          {
 137   1          uint8_t distance_Show;
 138   1      
 139   1          memset(Seg_Buf, 10, 8); // æ¸…ç©ºæ˜¾ç¤ºç¼“å†²åŒº
 140   1          memset(Seg_Point, 0, 8); // æ¸…é™¤æ‰€æœ‰å°æ•°ç‚¹
 141   1      
 142   1          distance_Show = (uint8_t)Filter_int(Distance, 0.2); //æ»¤æ³¢
 143   1      
 144   1          // æ˜¾ç¤ºèœå•æ ‡è¯†
 145   1          // æ˜¾ç¤ºèœå•æ ‡è¯†
 146   1          Seg_Buf[0] = 4; // æ—¶é’Ÿèœå•æ ‡è¯†ä¸º"3"
 147   1          Seg_Buf[1] = 10; // ç©ºç™½åˆ†éš”ç¬¦
 148   1      
 149   1          Seg_Buf[2] = distance_Show / 100 % 10;
 150   1          Seg_Buf[3] = distance_Show / 10 % 10;
 151   1          Seg_Buf[4] = distance_Show % 10;
 152   1          // æ³¨æ„ï¼šæ˜¾ç¤ºå­—æ¯éœ€è¦åœ¨Seg_Tableä¸­å®šä¹‰å¯¹åº”çš„æ®µç 
 153   1      }
 154          
 155          /**
 156           * @brief NE555èœå•æ˜¾ç¤ºæ›´æ–°å‡½æ•°
 157           * 
 158           * @details æ˜¾ç¤ºNE555çš„ç›¸å…³ä¿¡æ¯
 159           */
 160          void ne555_menu_update(void)
 161          {
 162   1          //æ˜¾ç¤ºæ•°æ®
 163   1          //ä¸ºé¿å…ç¬¬ä¸€æ¬¡æµ‹é‡æ—¶æ²¡æ•°æ®ï¼Œå…ˆåˆå§‹åŒ–ä¸º0ï¼Œå…ˆæ˜¾ç¤ºç¬¬ä¸€æ¬¡å†å¼€å§‹æµ‹é‡
 164   1          uint16_t Freq_Show;
 165   1          Freq_Show = Filter_int(Freq, 0.2);
 166   1      
 167   1          Seg_Buf[0] = 5; // æ—¶é’Ÿèœå•æ ‡è¯†ä¸º"3"
 168   1          Seg_Buf[1] = 10; // ç©ºç™½åˆ†éš”ç¬¦
 169   1      
 170   1          Seg_Buf[2] = Freq_Show / 10000 % 10;
 171   1          Seg_Buf[3] = Freq_Show / 1000 % 10;
 172   1          Seg_Buf[4] = Freq_Show / 100 % 10;
 173   1          Seg_Buf[5] = Freq_Show / 10 % 10;
 174   1          Seg_Buf[6] = Freq_Show / 1 % 10;
 175   1      }
 176          
 177          /**
 178           * @brief åˆ‡æ¢åˆ°ä¸‹ä¸€ä¸ªåŒçº§èœå•
C51 COMPILER V9.60.7.0   UI                                                                03/30/2025 14:53:13 PAGE 4   

 179           * 
 180           * @details å°†å½“å‰èœå•æŒ‡é’ˆç§»åŠ¨åˆ°ä¸‹ä¸€ä¸ªåŒçº§èœå•ï¼Œå¹¶æ›´æ–°æ˜¾ç¤º
 181           */
 182          void Menu_MoveNext(void)
 183          {
 184   1          if (current_menu && current_menu->menu_next)
 185   1          {
 186   2              current_menu = current_menu->menu_next; // åˆ‡æ¢åˆ°ä¸‹ä¸€ä¸ªèœå•
 187   2              Menu_Update(); // ç«‹å³æ›´æ–°æ˜¾ç¤º
 188   2          }
 189   1      }
 190          
 191          /**
 192           * @brief åˆ‡æ¢åˆ°ä¸Šä¸€ä¸ªåŒçº§èœå•
 193           * 
 194           * @details å°†å½“å‰èœå•æŒ‡é’ˆç§»åŠ¨åˆ°ä¸Šä¸€ä¸ªåŒçº§èœå•ï¼Œå¹¶æ›´æ–°æ˜¾ç¤º
 195           */
 196          void Menu_MovePrev(void)
 197          {
 198   1          if (current_menu && current_menu->menu_prev)
 199   1          {
 200   2              current_menu = current_menu->menu_prev; // åˆ‡æ¢åˆ°ä¸Šä¸€ä¸ªèœå•
 201   2              Menu_Update(); // ç«‹å³æ›´æ–°æ˜¾ç¤º
 202   2          }
 203   1      }
 204          
 205          /**
 206           * @brief è¿›å…¥å­èœå•
 207           * 
 208           * @details å¦‚æœå½“å‰èœå•æœ‰å­èœå•ï¼Œåˆ™è¿›å…¥å­èœå•å¹¶æ›´æ–°æ˜¾ç¤º
 209           */
 210          void Menu_MoveChild(void)
 211          {
 212   1          if (current_menu && current_menu->menu_child)
 213   1          {
 214   2              current_menu = current_menu->menu_child; // è¿›å…¥å­èœå•
 215   2              Menu_Update(); // ç«‹å³æ›´æ–°æ˜¾ç¤º
 216   2          }
 217   1      }
 218          
 219          /**
 220           * @brief è¿”å›çˆ¶èœå•
 221           * 
 222           * @details å¦‚æœå½“å‰èœå•æœ‰çˆ¶èœå•ï¼Œåˆ™è¿”å›çˆ¶èœå•å¹¶æ›´æ–°æ˜¾ç¤º
 223           */
 224          void Menu_MoveParent(void)
 225          {
 226   1          if (current_menu && current_menu->menu_parent)
 227   1          {
 228   2              current_menu = current_menu->menu_parent; // è¿”å›çˆ¶èœå•
 229   2              Menu_Update(); // ç«‹å³æ›´æ–°æ˜¾ç¤º
 230   2          }
 231   1      }
 232          
 233          /**
 234           * @brief æ›´æ–°å½“å‰èœå•æ˜¾ç¤º
 235           * 
 236           * @details è°ƒç”¨å½“å‰èœå•çš„æ›´æ–°å‡½æ•°ï¼Œåˆ·æ–°æ˜¾ç¤ºç¼“å†²åŒºå†…å®¹
 237           *          æ­¤å‡½æ•°åº”å®šæœŸè¢«ä»»åŠ¡è°ƒåº¦å™¨è°ƒç”¨ï¼Œä»¥ä¿æŒæ˜¾ç¤ºå†…å®¹çš„å®æ—¶æ€§
 238           */
 239          void Menu_Update(void)
 240          {
C51 COMPILER V9.60.7.0   UI                                                                03/30/2025 14:53:13 PAGE 5   

 241   1          if (current_menu && current_menu->menu_func)
 242   1          {
 243   2              current_menu->menu_func(); // è°ƒç”¨å½“å‰èœå•çš„æ›´æ–°å‡½æ•°
 244   2              // æ³¨æ„ï¼šè¿™é‡Œä¸éœ€è¦è°ƒç”¨Seg_Refresh()ï¼Œå› ä¸ºTask_Disp()ä¼šåœ¨ä¸­æ–­ä¸­å®šæœŸåˆ·æ–°æ˜¾ç¤
             -º
 245   2          }
 246   1      }
 247          
 248          /**
 249           * @brief èœå•ç³»ç»Ÿåˆå§‹åŒ–
 250           * 
 251           * @details åˆå§‹åŒ–æ‰€æœ‰èœå•èŠ‚ç‚¹ï¼Œå»ºç«‹å®ƒä»¬ä¹‹é—´çš„é“¾æ¥å…³ç³»ï¼Œè®¾ç½®åˆå§‹èœå•
 252           *          æ­¤å‡½æ•°åº”åœ¨ç³»ç»Ÿå¯åŠ¨æ—¶è°ƒç”¨ä¸€æ¬¡
 253           */
 254          void Menu_Init(void)
 255          {
 256   1          // åˆå§‹åŒ–ä¸»èœå•
 257   1          menu_main.menu_func = main_menu_update; // è®¾ç½®æ˜¾ç¤ºæ›´æ–°å‡½æ•°
 258   1          menu_main.menu_parent = NULL; // ä¸»èœå•æ²¡æœ‰çˆ¶èœå•
 259   1          menu_main.menu_child = &menu_temp; // ä¸»èœå•çš„å­èœå•æ˜¯æ¸©åº¦èœå•
 260   1          menu_main.menu_next = NULL; // ä¸»èœå•æ— åç»­èœå•
 261   1          menu_main.menu_prev = NULL; // ä¸»èœå•æ— å‰ç½®èœå•
 262   1      
 263   1          // åˆå§‹åŒ–æ¸©åº¦èœå•
 264   1          menu_temp.menu_func = temp_menu_update; // è®¾ç½®æ˜¾ç¤ºæ›´æ–°å‡½æ•°
 265   1          menu_temp.menu_parent = &menu_main; // çˆ¶èœå•ä¸ºä¸»èœå•
 266   1          menu_temp.menu_child = NULL; // æ— å­èœå•
 267   1          menu_temp.menu_next = &menu_adc; // ä¸‹ä¸€ä¸ªåŒçº§èœå•ä¸ºADCèœå•
 268   1          menu_temp.menu_prev = &menu_ne555; // æ— å‰ä¸€ä¸ªåŒçº§èœå•
 269   1      
 270   1          // åˆå§‹åŒ–ADCèœå•
 271   1          menu_adc.menu_func = adc_menu_update; // è®¾ç½®æ˜¾ç¤ºæ›´æ–°å‡½æ•°
 272   1          menu_adc.menu_parent = &menu_main; // çˆ¶èœå•ä¸ºä¸»èœå•
 273   1          menu_adc.menu_child = NULL; // æ— å­èœå•
 274   1          menu_adc.menu_next = &menu_clock; // ä¸‹ä¸€ä¸ªåŒçº§èœå•ä¸ºæ—¶é’Ÿèœå•
 275   1          menu_adc.menu_prev = &menu_temp; // å‰ä¸€ä¸ªåŒçº§èœå•ä¸ºæ¸©åº¦èœå•
 276   1      
 277   1          // åˆå§‹åŒ–æ—¶é’Ÿèœå•
 278   1          menu_clock.menu_func = clock_menu_update; // è®¾ç½®æ˜¾ç¤ºæ›´æ–°å‡½æ•°
 279   1          menu_clock.menu_parent = &menu_main; // çˆ¶èœå•ä¸ºä¸»èœå•
 280   1          menu_clock.menu_child = NULL; // æ— å­èœå•
 281   1          menu_clock.menu_next = &menu_ultrasonic; // ä¸‹ä¸€ä¸ªåŒçº§èœå•ä¸ºè¶…å£°æ³¢èœå•
 282   1          menu_clock.menu_prev = &menu_adc; // å‰ä¸€ä¸ªåŒçº§èœå•ä¸ºADCèœå•
 283   1      
 284   1          // åˆå§‹åŒ–è¶…å£°æ³¢èœå•
 285   1          menu_ultrasonic.menu_func = ultrasonic_menu_update; // è®¾ç½®æ˜¾ç¤ºæ›´æ–°å‡½æ•°
 286   1          menu_ultrasonic.menu_parent = &menu_main; // çˆ¶èœå•ä¸ºä¸»èœå•
 287   1          menu_ultrasonic.menu_child = NULL; // æ— å­èœå•
 288   1          menu_ultrasonic.menu_next = &menu_ne555; // æ— ä¸‹ä¸€ä¸ªåŒçº§èœå•
 289   1          menu_ultrasonic.menu_prev = &menu_clock; // å‰ä¸€ä¸ªåŒçº§èœå•ä¸ºæ—¶é’Ÿèœå•
 290   1      
 291   1          //ne555
 292   1          menu_ne555.menu_func = ne555_menu_update;
 293   1          menu_ne555.menu_parent = &menu_main; // çˆ¶èœå•ä¸ºä¸»èœå•
 294   1          menu_ne555.menu_child = NULL;
 295   1          menu_ne555.menu_next = &menu_temp;
 296   1          menu_ne555.menu_prev = &menu_ultrasonic; // å‰ä¸€ä¸ªåŒçº§èœå•ä¸ºæ—¶é’Ÿèœå•
 297   1      
 298   1          // è®¾ç½®åˆå§‹èœå•ä¸ºä¸»èœå•
 299   1          current_menu = &menu_main;
 300   1      
 301   1          // ç«‹å³æ›´æ–°æ˜¾ç¤ºï¼Œä½¿èœå•å†…å®¹æ˜¾ç¤ºå‡ºæ¥
C51 COMPILER V9.60.7.0   UI                                                                03/30/2025 14:53:13 PAGE 6   

 302   1          Menu_Update();
 303   1      }


MODULE INFORMATION:   STATIC OVERLAYABLE
   CODE SIZE        =   1279    ----
   CONSTANT SIZE    =   ----    ----
   XDATA SIZE       =     90    ----
   PDATA SIZE       =   ----    ----
   DATA SIZE        =      3       6
   IDATA SIZE       =   ----    ----
   BIT SIZE         =   ----    ----
END OF MODULE INFORMATION.


C51 COMPILATION COMPLETE.  0 WARNING(S),  0 ERROR(S)
